<?xml version="1.0" encoding="UTF-8"?>
<!-- Generated by org.testng.reporters.JUnitXMLReporter -->
<testsuite ignored="0" hostname="anu" failures="0" tests="3" name="SevenRMartPushNotificationsTesting" time="17.003" errors="0" timestamp="2024-03-11T08:03:08 IST">
  <testcase classname="com.sevenrmartsupermaket.tests.PushNotificationsTest" name="printExcelData" time="0.749"/>
  <testcase classname="com.sevenrmartsupermaket.tests.PushNotificationsTest" name="verifyPushNotifications" time="3.62"/>
  <testcase classname="com.sevenrmartsupermaket.tests.PushNotificationsTest" name="verifyResetButtonFunctionality" time="1.464"/>
</testsuite> <!-- SevenRMartPushNotificationsTesting -->
