<?xml version="1.0" encoding="UTF-8"?>
<!-- Generated by org.testng.reporters.JUnitXMLReporter -->
<testsuite ignored="0" hostname="anu" failures="0" tests="2" name="SevenRMartManageLocationTesting" time="15.884" errors="0" timestamp="2024-03-11T08:03:07 IST">
  <testcase classname="com.sevenrmartsupermaket.tests.ManageLocationPageTest" name="verifyNewLocationCreation" time="4.751"/>
  <testcase classname="com.sevenrmartsupermaket.tests.ManageLocationPageTest" name="verifySearchLocation" time="2.794"/>
</testsuite> <!-- SevenRMartManageLocationTesting -->
