<?xml version="1.0" encoding="UTF-8"?>
<!-- Generated by org.testng.reporters.JUnitXMLReporter -->
<testsuite ignored="0" hostname="anu" failures="1" tests="2" name="SevenRMartLoginTesting" time="11.423" errors="0" timestamp="2024-03-11T08:03:02 IST">
  <testcase classname="com.sevenrmartsupermaket.tests.LoginTest" name="verifyErrorMessageWithInvalidCredentials" time="0.942">
    <failure type="java.lang.AssertionError" message="expected [Invalid Username/Password] but found [×
Alert!
Invalid Username/Password]">
      <![CDATA[java.lang.AssertionError: expected [Invalid Username/Password] but found [×
Alert!
Invalid Username/Password]
at com.sevenrmartsupermaket.tests.LoginTest.verifyErrorMessageWithInvalidCredentials(LoginTest.java:32)
at java.base/java.util.ArrayList.forEach(ArrayList.java:1511)
at java.base/java.util.concurrent.FutureTask.run(FutureTask.java:264)
at java.base/java.util.concurrent.ThreadPoolExecutor.runWorker(ThreadPoolExecutor.java:1136)
at java.base/java.util.concurrent.ThreadPoolExecutor$Worker.run(ThreadPoolExecutor.java:635)
at java.base/java.lang.Thread.run(Thread.java:833)
... Removed 23 stack frames]]>
    </failure>
  </testcase> <!-- verifyErrorMessageWithInvalidCredentials -->
  <testcase classname="com.sevenrmartsupermaket.tests.LoginTest" name="verifyLogin" time="1.216"/>
</testsuite> <!-- SevenRMartLoginTesting -->
