<?xml version="1.0" encoding="UTF-8"?>
<!-- Generated by org.testng.reporters.JUnitXMLReporter -->
<testsuite ignored="2" hostname="anu" failures="0" tests="1" name="Default test" time="14.346" errors="0" timestamp="2024-03-13T23:44:29 IST">
  <testcase classname="com.sevenrmartsupermaket.tests.ManageExpenseTest" name="verifyMultipleExpenseCreationFromExcel" time="12.175"/>
  <testcase classname="com.sevenrmartsupermaket.tests.ManageExpenseTest" name="printExcelData" time="0.0">
    <ignored/>
  </testcase> <!-- printExcelData -->
  <testcase classname="com.sevenrmartsupermaket.tests.ManageExpenseTest" name="verifyNewExpenseCreation" time="0.0">
    <ignored/>
  </testcase> <!-- verifyNewExpenseCreation -->
</testsuite> <!-- Default test -->
