<?xml version="1.0" encoding="UTF-8"?>
<!-- Generated by org.testng.reporters.JUnitXMLReporter -->
<testsuite ignored="1" hostname="anu" failures="0" tests="1" name="Login Testing" time="3.345" errors="0" timestamp="2024-03-12T11:38:27 IST">
  <testcase classname="com.sevenrmartsupermaket.tests.LoginTest" name="verifyLogin" time="0.874"/>
  <testcase classname="com.sevenrmartsupermaket.tests.LoginTest" name="verifyErrorMessageWithInvalidCredentials" time="0.0">
    <ignored/>
  </testcase> <!-- verifyErrorMessageWithInvalidCredentials -->
</testsuite> <!-- Login Testing -->
