<?xml version="1.0" encoding="UTF-8"?>
<!-- Generated by org.testng.reporters.JUnitXMLReporter -->
<testsuite ignored="0" hostname="anu" failures="0" tests="2" name="SevenRMartManageLocationTesting" time="6.201" errors="0" timestamp="2024-03-12T11:38:37 IST">
  <testcase classname="com.sevenrmartsupermaket.tests.ManageLocationPageTest" name="verifyNewLocationCreation" time="1.95"/>
  <testcase classname="com.sevenrmartsupermaket.tests.ManageLocationPageTest" name="verifySearchLocation" time="1.37"/>
</testsuite> <!-- SevenRMartManageLocationTesting -->
