<?xml version="1.0" encoding="UTF-8"?>
<testng-results ignored="2" total="3" passed="1" failed="0" skipped="0">
  <reporter-output>
  </reporter-output>
  <suite started-at="2024-03-13T23:44:14 IST" name="Default suite" finished-at="2024-03-13T23:44:29 IST" duration-ms="14346">
    <groups>
    </groups>
    <test started-at="2024-03-13T23:44:14 IST" name="Default test" finished-at="2024-03-13T23:44:29 IST" duration-ms="14346">
      <class name="com.sevenrmartsupermaket.tests.ManageExpenseTest">
        <test-method is-config="true" signature="launchBrowser()[pri:0, instance:com.sevenrmartsupermaket.tests.ManageExpenseTest@5afa3c9]" started-at="2024-03-13T23:44:14 IST" name="launchBrowser" finished-at="2024-03-13T23:44:16 IST" duration-ms="2131" status="PASS">
          <reporter-output>
          </reporter-output>
        </test-method> <!-- launchBrowser -->
        <test-method signature="verifyMultipleExpenseCreationFromExcel()[pri:0, instance:com.sevenrmartsupermaket.tests.ManageExpenseTest@5afa3c9]" started-at="2024-03-13T23:44:16 IST" name="verifyMultipleExpenseCreationFromExcel" finished-at="2024-03-13T23:44:28 IST" duration-ms="12175" status="PASS">
          <reporter-output>
          </reporter-output>
        </test-method> <!-- verifyMultipleExpenseCreationFromExcel -->
        <test-method is-config="true" signature="terminateSession(org.testng.ITestResult)[pri:0, instance:com.sevenrmartsupermaket.tests.ManageExpenseTest@5afa3c9]" started-at="2024-03-13T23:44:28 IST" name="terminateSession" finished-at="2024-03-13T23:44:28 IST" duration-ms="0" status="PASS">
          <params>
            <param index="0">
              <value>
                <![CDATA[[TestResult name=verifyMultipleExpenseCreationFromExcel status=SUCCESS method=ManageExpenseTest.verifyMultipleExpenseCreationFromExcel()[pri:0, instance:com.sevenrmartsupermaket.tests.ManageExpenseTest@5afa3c9] output={null}]]]>
              </value>
            </param>
          </params>
          <reporter-output>
          </reporter-output>
        </test-method> <!-- terminateSession -->
      </class> <!-- com.sevenrmartsupermaket.tests.ManageExpenseTest -->
    </test> <!-- Default test -->
  </suite> <!-- Default suite -->
</testng-results>
